Player,Position,ID
Karl-Anthony Towns,C,karl-anthony-towns
Justise Winslow,SF,justise-winslow
Stanley Johnson,SF,stanley-johnson
Jahlil Okafor,C,jahlil-okafor
D`Angelo Russell,PG,d-angelo-russell
Dakari Johnson,C,dakari-johnson
Devin Booker,SG,3-devin-booker
Willie Cauley-Stein,C,willie-cauley-stein
Rondae Hollis-Jefferson,SF,rondae-hollis-jefferson
Trey Lyles,PF,trey-lyles
Player,Position,ID
Chris Walker,PF,5-chris-walker
T.J. McConnell,PG,tj-mcconnell
J.P. Tokoto,SF,jp-tokoto
Pat Connaughton,SF,pat-connaughton
R.J. Hunter,SG,rj-hunter
Jerian Grant,PG,jerian-grant
Olivier Hanlan,SG,olivier-hanlan
Branden Dawson,SF,branden-dawson
Robert Upshaw,C,robert-upshaw
Tyler Harvey,SG,tyler-harvey
Darrun Hilliard,SG,darrun-hilliard
Tyler Haws,SG,tyler-haws
Treveon Graham,SG,treveon-graham
Rakeem Christmas,PF,rakeem-christmas
Kenneth Smith,PG,3-kenneth-smith
Michael Qualls,SG,3-michael-qualls
Aaron White,PF,5-aaron-white
Player,Position,ID
Nikola Vucevic,C,nikola-vucevic
Tyler Honeycutt,SF,tyler-honeycutt
Klay Thompson,SG,klay-thompson
Josh Selby,PG,josh-selby
Jordan Hamilton,SF,2-jordan-hamilton
Jordan Williams,C,jordan-williams
Iman Shumpert,PG,iman-shumpert
Willie Reed,PF,willie-reed
Jimmy Butler,SF,jimmy-butler
Kyle Singler,SF,kyle-singler
Brad Wanamaker,PG,bradley-wanamaker
Jimmer Fredette,PG,jimmer-fredette
Markieff Morris,PF,markieff-morris
Reggie Jackson,PG,4-reggie-jackson
Marcus Morris,PF,marcus-morris
Greg Smith,C,5-greg-smith
Nolan Smith,SG,nolan-smith
Jon Diebler,SG,jon-diebler
Chris Singleton,SF,chris-singleton
Chandler Parsons,SF,chandler-parsons
Marshon Brooks,SG,marshon-brooks
Jon Leuer,PF,jon-leuer
Josh Harrellson,C,josh-harrellson
Travis Leslie,SG,travis-leslie
